
  🚀 Jira Agency Kanban Backend
  ==============================
  Server running on port 3000
  
  API Endpoints:
  - GET  /api/ceo/dashboard          # CEO overview
  - GET  /api/ceo/pending-approvals  # Tasks needing approval
  - GET  /api/projects               # List all projects
  - POST /api/projects              # Create project
  - GET  /api/tasks                 # Filterable tasks
  - POST /api/tasks                 # Create task
  - POST /api/tasks/quick           # Quick task (<30s)
  - GET  /api/agents                # List agents
  - GET  /api/activity              # Activity feed
  - GET  /api/health                # Health check
  
  WebSocket Events:
  - initial:data    # Initial data load
  - task:created    # New task
  - task:updated    # Task updated
  - project:created # New project
  - project:updated # Project updated
  - ceo:alert       # Critical alert
  - ceo:decision    # CEO approval decision
  
  Frontend: http://localhost:3000/enhanced-dashboard.html
  
Connected to SQLite database
